<?xml version="1.0" encoding="UTF-8"?>
<!-- Generated by org.testng.reporters.JUnitReportReporter -->
<testsuite hostname="lenovo-PC" failures="0" tests="1" name="jenkinsTest.HelloWorld" time="0.022" errors="0" timestamp="11 12æœˆ 2018 09:45:29 GMT" skipped="0">
  <testcase classname="jenkinsTest.HelloWorld" name="demo" time="0.022"/>
</testsuite> <!-- jenkinsTest.HelloWorld -->
